Mon Apr 15 15:01:20 CEST 2013 : Apache Derby Serveur réseau - 10.9.1.1 - (1389855) démarré et prêt à accepter les connexions sur le port 1527
----------------------------------------------------------------
Mon Apr 15 15:03:07 CEST 2013:
Booting Derby version The Apache Software Foundation - Apache Derby - 10.9.1.1 - (1389855): instance a816c00e-013e-0dc9-0cdc-00000000002e 
on database directory /Users/clement/git/bookstore_2/projetJEEM2/bookstore  with class loader sun.misc.Launcher$AppClassLoader@535ff48b 
Loaded from file:/Users/clement/eclipse/plugins/org.apache.derby.core_10.9.1/derby.jar
java.vendor=Apple Inc.
java.runtime.version=1.6.0_33-b03-424-11E53
user.dir=/Users/clement/git/bookstore_2/projetJEEM2
os.name=Mac OS X
os.arch=x86_64
os.version=10.7.4
derby.system.home=.
Database Class Loader started - derby.database.classpath=''
----------------------------------------------------------------
Mon Apr 15 15:03:08 CEST 2013:
Shutting down instance a816c00e-013e-0dc9-0cdc-00000000002e on database directory /Users/clement/git/bookstore_2/projetJEEM2/bookstore with class loader sun.misc.Launcher$AppClassLoader@535ff48b 
Mon Apr 15 15:03:08 CEST 2013 Thread[DRDAConnThread_6,5,main] (DATABASE = bookstore), (DRDAID = {2}), Database 'bookstore' shutdown.
----------------------------------------------------------------
Mon Apr 15 15:03:11 CEST 2013:
Booting Derby version The Apache Software Foundation - Apache Derby - 10.9.1.1 - (1389855): instance 601a400f-013e-0dc9-0cdc-00000000002e 
on database directory /Users/clement/git/bookstore_2/projetJEEM2/bookstore  with class loader sun.misc.Launcher$AppClassLoader@535ff48b 
Loaded from file:/Users/clement/eclipse/plugins/org.apache.derby.core_10.9.1/derby.jar
java.vendor=Apple Inc.
java.runtime.version=1.6.0_33-b03-424-11E53
user.dir=/Users/clement/git/bookstore_2/projetJEEM2
os.name=Mac OS X
os.arch=x86_64
os.version=10.7.4
derby.system.home=.
Database Class Loader started - derby.database.classpath=''
